

Started GET "/" for 127.0.0.1 at 2014-02-28 01:07:00 -0500


Started GET "/hello/world" for 127.0.0.1 at 2014-03-01 01:41:54 -0500

ActionController::RoutingError (No route matches [GET] "/hello/world"):
  actionpack (4.0.2) lib/action_dispatch/middleware/debug_exceptions.rb:21:in `call'
  actionpack (4.0.2) lib/action_dispatch/middleware/show_exceptions.rb:30:in `call'
  railties (4.0.2) lib/rails/rack/logger.rb:38:in `call_app'
  railties (4.0.2) lib/rails/rack/logger.rb:20:in `block in call'
  activesupport (4.0.2) lib/active_support/tagged_logging.rb:67:in `block in tagged'
  activesupport (4.0.2) lib/active_support/tagged_logging.rb:25:in `tagged'
  activesupport (4.0.2) lib/active_support/tagged_logging.rb:67:in `tagged'
  railties (4.0.2) lib/rails/rack/logger.rb:20:in `call'
  actionpack (4.0.2) lib/action_dispatch/middleware/request_id.rb:21:in `call'
  rack (1.5.2) lib/rack/methodoverride.rb:21:in `call'
  rack (1.5.2) lib/rack/runtime.rb:17:in `call'
  activesupport (4.0.2) lib/active_support/cache/strategy/local_cache.rb:83:in `call'
  actionpack (4.0.2) lib/action_dispatch/middleware/static.rb:64:in `call'
  rack (1.5.2) lib/rack/sendfile.rb:112:in `call'
  railties (4.0.2) lib/rails/engine.rb:511:in `call'
  railties (4.0.2) lib/rails/application.rb:97:in `call'
  rack (1.5.2) lib/rack/lint.rb:49:in `_call'
  rack (1.5.2) lib/rack/lint.rb:37:in `call'
  rack (1.5.2) lib/rack/showexceptions.rb:24:in `call'
  rack (1.5.2) lib/rack/commonlogger.rb:33:in `call'
  rack (1.5.2) lib/rack/chunked.rb:43:in `call'
  rack (1.5.2) lib/rack/content_length.rb:14:in `call'
  rack (1.5.2) lib/rack/handler/webrick.rb:60:in `service'
  /Users/ramoncarlos/.rvm/rubies/ruby-2.0.0-p195/lib/ruby/2.0.0/webrick/httpserver.rb:138:in `service'
  /Users/ramoncarlos/.rvm/rubies/ruby-2.0.0-p195/lib/ruby/2.0.0/webrick/httpserver.rb:94:in `run'
  /Users/ramoncarlos/.rvm/rubies/ruby-2.0.0-p195/lib/ruby/2.0.0/webrick/server.rb:295:in `block in start_thread'




Started GET "/hello/world" for 127.0.0.1 at 2014-03-01 01:42:11 -0500

ActionController::RoutingError (No route matches [GET] "/hello/world"):
  actionpack (4.0.2) lib/action_dispatch/middleware/debug_exceptions.rb:21:in `call'
  actionpack (4.0.2) lib/action_dispatch/middleware/show_exceptions.rb:30:in `call'
  railties (4.0.2) lib/rails/rack/logger.rb:38:in `call_app'
  railties (4.0.2) lib/rails/rack/logger.rb:20:in `block in call'
  activesupport (4.0.2) lib/active_support/tagged_logging.rb:67:in `block in tagged'
  activesupport (4.0.2) lib/active_support/tagged_logging.rb:25:in `tagged'
  activesupport (4.0.2) lib/active_support/tagged_logging.rb:67:in `tagged'
  railties (4.0.2) lib/rails/rack/logger.rb:20:in `call'
  actionpack (4.0.2) lib/action_dispatch/middleware/request_id.rb:21:in `call'
  rack (1.5.2) lib/rack/methodoverride.rb:21:in `call'
  rack (1.5.2) lib/rack/runtime.rb:17:in `call'
  activesupport (4.0.2) lib/active_support/cache/strategy/local_cache.rb:83:in `call'
  actionpack (4.0.2) lib/action_dispatch/middleware/static.rb:64:in `call'
  rack (1.5.2) lib/rack/sendfile.rb:112:in `call'
  railties (4.0.2) lib/rails/engine.rb:511:in `call'
  railties (4.0.2) lib/rails/application.rb:97:in `call'
  rack (1.5.2) lib/rack/lint.rb:49:in `_call'
  rack (1.5.2) lib/rack/lint.rb:37:in `call'
  rack (1.5.2) lib/rack/showexceptions.rb:24:in `call'
  rack (1.5.2) lib/rack/commonlogger.rb:33:in `call'
  rack (1.5.2) lib/rack/chunked.rb:43:in `call'
  rack (1.5.2) lib/rack/content_length.rb:14:in `call'
  rack (1.5.2) lib/rack/handler/webrick.rb:60:in `service'
  /Users/ramoncarlos/.rvm/rubies/ruby-2.0.0-p195/lib/ruby/2.0.0/webrick/httpserver.rb:138:in `service'
  /Users/ramoncarlos/.rvm/rubies/ruby-2.0.0-p195/lib/ruby/2.0.0/webrick/httpserver.rb:94:in `run'
  /Users/ramoncarlos/.rvm/rubies/ruby-2.0.0-p195/lib/ruby/2.0.0/webrick/server.rb:295:in `block in start_thread'




Started GET "/" for 127.0.0.1 at 2014-03-01 01:42:16 -0500


Started GET "/" for 127.0.0.1 at 2014-03-01 01:43:57 -0500
Processing by Rails::WelcomeController#index as */*
  Rendered /Users/ramoncarlos/.rvm/gems/ruby-2.0.0-p195/gems/railties-4.0.2/lib/rails/templates/rails/welcome/index.html.erb (1.0ms)
Completed 200 OK in 7ms (Views: 6.5ms)


Started GET "/hello/world" for 127.0.0.1 at 2014-03-01 01:44:00 -0500
Processing by Endpoint#railsnatra as */*
  Rendered text template (0.0ms)
Completed 200 OK in 1ms (Views: 0.7ms)

ActionController::RoutingError (No route matches [GET] "/hello/world"):
  actionpack (4.0.2) lib/action_dispatch/middleware/debug_exceptions.rb:21:in `call'
  actionpack (4.0.2) lib/action_dispatch/middleware/show_exceptions.rb:30:in `call'
  railties (4.0.2) lib/rails/rack/logger.rb:38:in `call_app'
  railties (4.0.2) lib/rails/rack/logger.rb:20:in `block in call'
  activesupport (4.0.2) lib/active_support/tagged_logging.rb:67:in `block in tagged'
  activesupport (4.0.2) lib/active_support/tagged_logging.rb:25:in `tagged'
  activesupport (4.0.2) lib/active_support/tagged_logging.rb:67:in `tagged'
  railties (4.0.2) lib/rails/rack/logger.rb:20:in `call'
  actionpack (4.0.2) lib/action_dispatch/middleware/request_id.rb:21:in `call'
  rack (1.5.2) lib/rack/methodoverride.rb:21:in `call'
  rack (1.5.2) lib/rack/runtime.rb:17:in `call'
  activesupport (4.0.2) lib/active_support/cache/strategy/local_cache.rb:83:in `call'
  actionpack (4.0.2) lib/action_dispatch/middleware/static.rb:64:in `call'
  rack (1.5.2) lib/rack/sendfile.rb:112:in `call'
  railties (4.0.2) lib/rails/engine.rb:511:in `call'
  railties (4.0.2) lib/rails/application.rb:97:in `call'
  rack (1.5.2) lib/rack/lint.rb:49:in `_call'
  rack (1.5.2) lib/rack/lint.rb:37:in `call'
  rack (1.5.2) lib/rack/showexceptions.rb:24:in `call'
  rack (1.5.2) lib/rack/commonlogger.rb:33:in `call'
  rack (1.5.2) lib/rack/chunked.rb:43:in `call'
  rack (1.5.2) lib/rack/content_length.rb:14:in `call'
  rack (1.5.2) lib/rack/handler/webrick.rb:60:in `service'
  /Users/ramoncarlos/.rvm/rubies/ruby-2.0.0-p195/lib/ruby/2.0.0/webrick/httpserver.rb:138:in `service'
  /Users/ramoncarlos/.rvm/rubies/ruby-2.0.0-p195/lib/ruby/2.0.0/webrick/httpserver.rb:94:in `run'
  /Users/ramoncarlos/.rvm/rubies/ruby-2.0.0-p195/lib/ruby/2.0.0/webrick/server.rb:295:in `block in start_thread'




Started GET "/hello" for 127.0.0.1 at 2014-03-01 01:44:03 -0500
Processing by Endpoint#railsnatra as */*
Completed 200 OK in 0ms

ActionController::RoutingError (No route matches [GET] "/hello"):
  actionpack (4.0.2) lib/action_dispatch/middleware/debug_exceptions.rb:21:in `call'
  actionpack (4.0.2) lib/action_dispatch/middleware/show_exceptions.rb:30:in `call'
  railties (4.0.2) lib/rails/rack/logger.rb:38:in `call_app'
  railties (4.0.2) lib/rails/rack/logger.rb:20:in `block in call'
  activesupport (4.0.2) lib/active_support/tagged_logging.rb:67:in `block in tagged'
  activesupport (4.0.2) lib/active_support/tagged_logging.rb:25:in `tagged'
  activesupport (4.0.2) lib/active_support/tagged_logging.rb:67:in `tagged'
  railties (4.0.2) lib/rails/rack/logger.rb:20:in `call'
  actionpack (4.0.2) lib/action_dispatch/middleware/request_id.rb:21:in `call'
  rack (1.5.2) lib/rack/methodoverride.rb:21:in `call'
  rack (1.5.2) lib/rack/runtime.rb:17:in `call'
  activesupport (4.0.2) lib/active_support/cache/strategy/local_cache.rb:83:in `call'
  actionpack (4.0.2) lib/action_dispatch/middleware/static.rb:64:in `call'
  rack (1.5.2) lib/rack/sendfile.rb:112:in `call'
  railties (4.0.2) lib/rails/engine.rb:511:in `call'
  railties (4.0.2) lib/rails/application.rb:97:in `call'
  rack (1.5.2) lib/rack/lint.rb:49:in `_call'
  rack (1.5.2) lib/rack/lint.rb:37:in `call'
  rack (1.5.2) lib/rack/showexceptions.rb:24:in `call'
  rack (1.5.2) lib/rack/commonlogger.rb:33:in `call'
  rack (1.5.2) lib/rack/chunked.rb:43:in `call'
  rack (1.5.2) lib/rack/content_length.rb:14:in `call'
  rack (1.5.2) lib/rack/handler/webrick.rb:60:in `service'
  /Users/ramoncarlos/.rvm/rubies/ruby-2.0.0-p195/lib/ruby/2.0.0/webrick/httpserver.rb:138:in `service'
  /Users/ramoncarlos/.rvm/rubies/ruby-2.0.0-p195/lib/ruby/2.0.0/webrick/httpserver.rb:94:in `run'
  /Users/ramoncarlos/.rvm/rubies/ruby-2.0.0-p195/lib/ruby/2.0.0/webrick/server.rb:295:in `block in start_thread'




Started GET "/" for 127.0.0.1 at 2014-03-01 01:45:57 -0500
Processing by Rails::WelcomeController#index as */*
  Rendered /Users/ramoncarlos/.rvm/gems/ruby-2.0.0-p195/gems/railties-4.0.2/lib/rails/templates/rails/welcome/index.html.erb (0.7ms)
Completed 200 OK in 4ms (Views: 3.8ms)


Started GET "/hello" for 127.0.0.1 at 2014-03-01 01:46:01 -0500
Processing by Endpoint#railsnatra as */*
Completed 200 OK in 0ms

ActionController::RoutingError (No route matches [GET] "/hello"):
  actionpack (4.0.2) lib/action_dispatch/middleware/debug_exceptions.rb:21:in `call'
  actionpack (4.0.2) lib/action_dispatch/middleware/show_exceptions.rb:30:in `call'
  railties (4.0.2) lib/rails/rack/logger.rb:38:in `call_app'
  railties (4.0.2) lib/rails/rack/logger.rb:20:in `block in call'
  activesupport (4.0.2) lib/active_support/tagged_logging.rb:67:in `block in tagged'
  activesupport (4.0.2) lib/active_support/tagged_logging.rb:25:in `tagged'
  activesupport (4.0.2) lib/active_support/tagged_logging.rb:67:in `tagged'
  railties (4.0.2) lib/rails/rack/logger.rb:20:in `call'
  actionpack (4.0.2) lib/action_dispatch/middleware/request_id.rb:21:in `call'
  rack (1.5.2) lib/rack/methodoverride.rb:21:in `call'
  rack (1.5.2) lib/rack/runtime.rb:17:in `call'
  activesupport (4.0.2) lib/active_support/cache/strategy/local_cache.rb:83:in `call'
  actionpack (4.0.2) lib/action_dispatch/middleware/static.rb:64:in `call'
  rack (1.5.2) lib/rack/sendfile.rb:112:in `call'
  railties (4.0.2) lib/rails/engine.rb:511:in `call'
  railties (4.0.2) lib/rails/application.rb:97:in `call'
  rack (1.5.2) lib/rack/lint.rb:49:in `_call'
  rack (1.5.2) lib/rack/lint.rb:37:in `call'
  rack (1.5.2) lib/rack/showexceptions.rb:24:in `call'
  rack (1.5.2) lib/rack/commonlogger.rb:33:in `call'
  rack (1.5.2) lib/rack/chunked.rb:43:in `call'
  rack (1.5.2) lib/rack/content_length.rb:14:in `call'
  rack (1.5.2) lib/rack/handler/webrick.rb:60:in `service'
  /Users/ramoncarlos/.rvm/rubies/ruby-2.0.0-p195/lib/ruby/2.0.0/webrick/httpserver.rb:138:in `service'
  /Users/ramoncarlos/.rvm/rubies/ruby-2.0.0-p195/lib/ruby/2.0.0/webrick/httpserver.rb:94:in `run'
  /Users/ramoncarlos/.rvm/rubies/ruby-2.0.0-p195/lib/ruby/2.0.0/webrick/server.rb:295:in `block in start_thread'




Started GET "/hello" for 127.0.0.1 at 2014-03-01 01:46:33 -0500
Processing by Endpoint#railsnatra as */*
Completed 200 OK in 0ms

ActionController::RoutingError (No route matches [GET] "/hello"):
  actionpack (4.0.2) lib/action_dispatch/middleware/debug_exceptions.rb:21:in `call'
  actionpack (4.0.2) lib/action_dispatch/middleware/show_exceptions.rb:30:in `call'
  railties (4.0.2) lib/rails/rack/logger.rb:38:in `call_app'
  railties (4.0.2) lib/rails/rack/logger.rb:20:in `block in call'
  activesupport (4.0.2) lib/active_support/tagged_logging.rb:67:in `block in tagged'
  activesupport (4.0.2) lib/active_support/tagged_logging.rb:25:in `tagged'
  activesupport (4.0.2) lib/active_support/tagged_logging.rb:67:in `tagged'
  railties (4.0.2) lib/rails/rack/logger.rb:20:in `call'
  actionpack (4.0.2) lib/action_dispatch/middleware/request_id.rb:21:in `call'
  rack (1.5.2) lib/rack/methodoverride.rb:21:in `call'
  rack (1.5.2) lib/rack/runtime.rb:17:in `call'
  activesupport (4.0.2) lib/active_support/cache/strategy/local_cache.rb:83:in `call'
  actionpack (4.0.2) lib/action_dispatch/middleware/static.rb:64:in `call'
  rack (1.5.2) lib/rack/sendfile.rb:112:in `call'
  railties (4.0.2) lib/rails/engine.rb:511:in `call'
  railties (4.0.2) lib/rails/application.rb:97:in `call'
  rack (1.5.2) lib/rack/lint.rb:49:in `_call'
  rack (1.5.2) lib/rack/lint.rb:37:in `call'
  rack (1.5.2) lib/rack/showexceptions.rb:24:in `call'
  rack (1.5.2) lib/rack/commonlogger.rb:33:in `call'
  rack (1.5.2) lib/rack/chunked.rb:43:in `call'
  rack (1.5.2) lib/rack/content_length.rb:14:in `call'
  rack (1.5.2) lib/rack/handler/webrick.rb:60:in `service'
  /Users/ramoncarlos/.rvm/rubies/ruby-2.0.0-p195/lib/ruby/2.0.0/webrick/httpserver.rb:138:in `service'
  /Users/ramoncarlos/.rvm/rubies/ruby-2.0.0-p195/lib/ruby/2.0.0/webrick/httpserver.rb:94:in `run'
  /Users/ramoncarlos/.rvm/rubies/ruby-2.0.0-p195/lib/ruby/2.0.0/webrick/server.rb:295:in `block in start_thread'




Started GET "/hello" for 127.0.0.1 at 2014-03-01 01:48:51 -0500
Processing by Endpoint#railsnatra as */*
Completed 200 OK in 0ms

ActionController::RoutingError (No route matches [GET] "/hello"):
  actionpack (4.0.2) lib/action_dispatch/middleware/debug_exceptions.rb:21:in `call'
  actionpack (4.0.2) lib/action_dispatch/middleware/show_exceptions.rb:30:in `call'
  railties (4.0.2) lib/rails/rack/logger.rb:38:in `call_app'
  railties (4.0.2) lib/rails/rack/logger.rb:20:in `block in call'
  activesupport (4.0.2) lib/active_support/tagged_logging.rb:67:in `block in tagged'
  activesupport (4.0.2) lib/active_support/tagged_logging.rb:25:in `tagged'
  activesupport (4.0.2) lib/active_support/tagged_logging.rb:67:in `tagged'
  railties (4.0.2) lib/rails/rack/logger.rb:20:in `call'
  actionpack (4.0.2) lib/action_dispatch/middleware/request_id.rb:21:in `call'
  rack (1.5.2) lib/rack/methodoverride.rb:21:in `call'
  rack (1.5.2) lib/rack/runtime.rb:17:in `call'
  activesupport (4.0.2) lib/active_support/cache/strategy/local_cache.rb:83:in `call'
  actionpack (4.0.2) lib/action_dispatch/middleware/static.rb:64:in `call'
  rack (1.5.2) lib/rack/sendfile.rb:112:in `call'
  railties (4.0.2) lib/rails/engine.rb:511:in `call'
  railties (4.0.2) lib/rails/application.rb:97:in `call'
  rack (1.5.2) lib/rack/lint.rb:49:in `_call'
  rack (1.5.2) lib/rack/lint.rb:37:in `call'
  rack (1.5.2) lib/rack/showexceptions.rb:24:in `call'
  rack (1.5.2) lib/rack/commonlogger.rb:33:in `call'
  rack (1.5.2) lib/rack/chunked.rb:43:in `call'
  rack (1.5.2) lib/rack/content_length.rb:14:in `call'
  rack (1.5.2) lib/rack/handler/webrick.rb:60:in `service'
  /Users/ramoncarlos/.rvm/rubies/ruby-2.0.0-p195/lib/ruby/2.0.0/webrick/httpserver.rb:138:in `service'
  /Users/ramoncarlos/.rvm/rubies/ruby-2.0.0-p195/lib/ruby/2.0.0/webrick/httpserver.rb:94:in `run'
  /Users/ramoncarlos/.rvm/rubies/ruby-2.0.0-p195/lib/ruby/2.0.0/webrick/server.rb:295:in `block in start_thread'




Started GET "/hello/world" for 127.0.0.1 at 2014-03-01 01:48:54 -0500
Processing by Endpoint#railsnatra as */*
  Rendered text template (0.0ms)
Completed 200 OK in 1ms (Views: 0.4ms)

ActionController::RoutingError (No route matches [GET] "/hello/world"):
  actionpack (4.0.2) lib/action_dispatch/middleware/debug_exceptions.rb:21:in `call'
  actionpack (4.0.2) lib/action_dispatch/middleware/show_exceptions.rb:30:in `call'
  railties (4.0.2) lib/rails/rack/logger.rb:38:in `call_app'
  railties (4.0.2) lib/rails/rack/logger.rb:20:in `block in call'
  activesupport (4.0.2) lib/active_support/tagged_logging.rb:67:in `block in tagged'
  activesupport (4.0.2) lib/active_support/tagged_logging.rb:25:in `tagged'
  activesupport (4.0.2) lib/active_support/tagged_logging.rb:67:in `tagged'
  railties (4.0.2) lib/rails/rack/logger.rb:20:in `call'
  actionpack (4.0.2) lib/action_dispatch/middleware/request_id.rb:21:in `call'
  rack (1.5.2) lib/rack/methodoverride.rb:21:in `call'
  rack (1.5.2) lib/rack/runtime.rb:17:in `call'
  activesupport (4.0.2) lib/active_support/cache/strategy/local_cache.rb:83:in `call'
  actionpack (4.0.2) lib/action_dispatch/middleware/static.rb:64:in `call'
  rack (1.5.2) lib/rack/sendfile.rb:112:in `call'
  railties (4.0.2) lib/rails/engine.rb:511:in `call'
  railties (4.0.2) lib/rails/application.rb:97:in `call'
  rack (1.5.2) lib/rack/lint.rb:49:in `_call'
  rack (1.5.2) lib/rack/lint.rb:37:in `call'
  rack (1.5.2) lib/rack/showexceptions.rb:24:in `call'
  rack (1.5.2) lib/rack/commonlogger.rb:33:in `call'
  rack (1.5.2) lib/rack/chunked.rb:43:in `call'
  rack (1.5.2) lib/rack/content_length.rb:14:in `call'
  rack (1.5.2) lib/rack/handler/webrick.rb:60:in `service'
  /Users/ramoncarlos/.rvm/rubies/ruby-2.0.0-p195/lib/ruby/2.0.0/webrick/httpserver.rb:138:in `service'
  /Users/ramoncarlos/.rvm/rubies/ruby-2.0.0-p195/lib/ruby/2.0.0/webrick/httpserver.rb:94:in `run'
  /Users/ramoncarlos/.rvm/rubies/ruby-2.0.0-p195/lib/ruby/2.0.0/webrick/server.rb:295:in `block in start_thread'




Started GET "/" for 127.0.0.1 at 2014-03-01 01:48:58 -0500
Processing by Rails::WelcomeController#index as */*
  Rendered /Users/ramoncarlos/.rvm/gems/ruby-2.0.0-p195/gems/railties-4.0.2/lib/rails/templates/rails/welcome/index.html.erb (1.4ms)
Completed 200 OK in 6ms (Views: 5.6ms)


Started GET "/hello/world" for 127.0.0.1 at 2014-03-01 01:53:34 -0500
Processing by Endpoint#railsnatra as */*
  Rendered text template (0.0ms)
Completed 200 OK in 1ms (Views: 0.5ms)

ActionController::RoutingError (No route matches [GET] "/hello/world"):
  actionpack (4.0.2) lib/action_dispatch/middleware/debug_exceptions.rb:21:in `call'
  actionpack (4.0.2) lib/action_dispatch/middleware/show_exceptions.rb:30:in `call'
  railties (4.0.2) lib/rails/rack/logger.rb:38:in `call_app'
  railties (4.0.2) lib/rails/rack/logger.rb:20:in `block in call'
  activesupport (4.0.2) lib/active_support/tagged_logging.rb:67:in `block in tagged'
  activesupport (4.0.2) lib/active_support/tagged_logging.rb:25:in `tagged'
  activesupport (4.0.2) lib/active_support/tagged_logging.rb:67:in `tagged'
  railties (4.0.2) lib/rails/rack/logger.rb:20:in `call'
  actionpack (4.0.2) lib/action_dispatch/middleware/request_id.rb:21:in `call'
  rack (1.5.2) lib/rack/methodoverride.rb:21:in `call'
  rack (1.5.2) lib/rack/runtime.rb:17:in `call'
  activesupport (4.0.2) lib/active_support/cache/strategy/local_cache.rb:83:in `call'
  actionpack (4.0.2) lib/action_dispatch/middleware/static.rb:64:in `call'
  rack (1.5.2) lib/rack/sendfile.rb:112:in `call'
  railties (4.0.2) lib/rails/engine.rb:511:in `call'
  railties (4.0.2) lib/rails/application.rb:97:in `call'
  rack (1.5.2) lib/rack/lint.rb:49:in `_call'
  rack (1.5.2) lib/rack/lint.rb:37:in `call'
  rack (1.5.2) lib/rack/showexceptions.rb:24:in `call'
  rack (1.5.2) lib/rack/commonlogger.rb:33:in `call'
  rack (1.5.2) lib/rack/chunked.rb:43:in `call'
  rack (1.5.2) lib/rack/content_length.rb:14:in `call'
  rack (1.5.2) lib/rack/handler/webrick.rb:60:in `service'
  /Users/ramoncarlos/.rvm/rubies/ruby-2.0.0-p195/lib/ruby/2.0.0/webrick/httpserver.rb:138:in `service'
  /Users/ramoncarlos/.rvm/rubies/ruby-2.0.0-p195/lib/ruby/2.0.0/webrick/httpserver.rb:94:in `run'
  /Users/ramoncarlos/.rvm/rubies/ruby-2.0.0-p195/lib/ruby/2.0.0/webrick/server.rb:295:in `block in start_thread'




Started GET "/hello/world/" for 127.0.0.1 at 2014-03-01 01:53:36 -0500
Processing by Endpoint#railsnatra as */*
  Rendered text template (0.0ms)
Completed 200 OK in 0ms (Views: 0.3ms)

ActionController::RoutingError (No route matches [GET] "/hello/world"):
  actionpack (4.0.2) lib/action_dispatch/middleware/debug_exceptions.rb:21:in `call'
  actionpack (4.0.2) lib/action_dispatch/middleware/show_exceptions.rb:30:in `call'
  railties (4.0.2) lib/rails/rack/logger.rb:38:in `call_app'
  railties (4.0.2) lib/rails/rack/logger.rb:20:in `block in call'
  activesupport (4.0.2) lib/active_support/tagged_logging.rb:67:in `block in tagged'
  activesupport (4.0.2) lib/active_support/tagged_logging.rb:25:in `tagged'
  activesupport (4.0.2) lib/active_support/tagged_logging.rb:67:in `tagged'
  railties (4.0.2) lib/rails/rack/logger.rb:20:in `call'
  actionpack (4.0.2) lib/action_dispatch/middleware/request_id.rb:21:in `call'
  rack (1.5.2) lib/rack/methodoverride.rb:21:in `call'
  rack (1.5.2) lib/rack/runtime.rb:17:in `call'
  activesupport (4.0.2) lib/active_support/cache/strategy/local_cache.rb:83:in `call'
  actionpack (4.0.2) lib/action_dispatch/middleware/static.rb:64:in `call'
  rack (1.5.2) lib/rack/sendfile.rb:112:in `call'
  railties (4.0.2) lib/rails/engine.rb:511:in `call'
  railties (4.0.2) lib/rails/application.rb:97:in `call'
  rack (1.5.2) lib/rack/lint.rb:49:in `_call'
  rack (1.5.2) lib/rack/lint.rb:37:in `call'
  rack (1.5.2) lib/rack/showexceptions.rb:24:in `call'
  rack (1.5.2) lib/rack/commonlogger.rb:33:in `call'
  rack (1.5.2) lib/rack/chunked.rb:43:in `call'
  rack (1.5.2) lib/rack/content_length.rb:14:in `call'
  rack (1.5.2) lib/rack/handler/webrick.rb:60:in `service'
  /Users/ramoncarlos/.rvm/rubies/ruby-2.0.0-p195/lib/ruby/2.0.0/webrick/httpserver.rb:138:in `service'
  /Users/ramoncarlos/.rvm/rubies/ruby-2.0.0-p195/lib/ruby/2.0.0/webrick/httpserver.rb:94:in `run'
  /Users/ramoncarlos/.rvm/rubies/ruby-2.0.0-p195/lib/ruby/2.0.0/webrick/server.rb:295:in `block in start_thread'




Started GET "/hello/world/" for 127.0.0.1 at 2014-03-01 01:54:17 -0500
Processing by Endpoint#railsnatra as */*
  Rendered text template (0.0ms)
Completed 200 OK in 0ms (Views: 0.2ms)

ActionController::RoutingError (No route matches [GET] "/hello/world"):
  actionpack (4.0.2) lib/action_dispatch/middleware/debug_exceptions.rb:21:in `call'
  actionpack (4.0.2) lib/action_dispatch/middleware/show_exceptions.rb:30:in `call'
  railties (4.0.2) lib/rails/rack/logger.rb:38:in `call_app'
  railties (4.0.2) lib/rails/rack/logger.rb:20:in `block in call'
  activesupport (4.0.2) lib/active_support/tagged_logging.rb:67:in `block in tagged'
  activesupport (4.0.2) lib/active_support/tagged_logging.rb:25:in `tagged'
  activesupport (4.0.2) lib/active_support/tagged_logging.rb:67:in `tagged'
  railties (4.0.2) lib/rails/rack/logger.rb:20:in `call'
  actionpack (4.0.2) lib/action_dispatch/middleware/request_id.rb:21:in `call'
  rack (1.5.2) lib/rack/methodoverride.rb:21:in `call'
  rack (1.5.2) lib/rack/runtime.rb:17:in `call'
  activesupport (4.0.2) lib/active_support/cache/strategy/local_cache.rb:83:in `call'
  actionpack (4.0.2) lib/action_dispatch/middleware/static.rb:64:in `call'
  rack (1.5.2) lib/rack/sendfile.rb:112:in `call'
  railties (4.0.2) lib/rails/engine.rb:511:in `call'
  railties (4.0.2) lib/rails/application.rb:97:in `call'
  rack (1.5.2) lib/rack/lint.rb:49:in `_call'
  rack (1.5.2) lib/rack/lint.rb:37:in `call'
  rack (1.5.2) lib/rack/showexceptions.rb:24:in `call'
  rack (1.5.2) lib/rack/commonlogger.rb:33:in `call'
  rack (1.5.2) lib/rack/chunked.rb:43:in `call'
  rack (1.5.2) lib/rack/content_length.rb:14:in `call'
  rack (1.5.2) lib/rack/handler/webrick.rb:60:in `service'
  /Users/ramoncarlos/.rvm/rubies/ruby-2.0.0-p195/lib/ruby/2.0.0/webrick/httpserver.rb:138:in `service'
  /Users/ramoncarlos/.rvm/rubies/ruby-2.0.0-p195/lib/ruby/2.0.0/webrick/httpserver.rb:94:in `run'
  /Users/ramoncarlos/.rvm/rubies/ruby-2.0.0-p195/lib/ruby/2.0.0/webrick/server.rb:295:in `block in start_thread'




Started GET "/" for 127.0.0.1 at 2014-03-01 01:54:28 -0500
Processing by Rails::WelcomeController#index as */*
  Rendered /Users/ramoncarlos/.rvm/gems/ruby-2.0.0-p195/gems/railties-4.0.2/lib/rails/templates/rails/welcome/index.html.erb (1.5ms)
Completed 200 OK in 5ms (Views: 5.2ms)


Started GET "/hello/world/" for 127.0.0.1 at 2014-03-01 01:55:19 -0500
Processing by Endpoint#railsnatra as */*
  Rendered text template (0.0ms)
Completed 200 OK in 1ms (Views: 0.6ms)

ActionController::RoutingError (No route matches [GET] "/hello/world"):
  actionpack (4.0.2) lib/action_dispatch/middleware/debug_exceptions.rb:21:in `call'
  actionpack (4.0.2) lib/action_dispatch/middleware/show_exceptions.rb:30:in `call'
  railties (4.0.2) lib/rails/rack/logger.rb:38:in `call_app'
  railties (4.0.2) lib/rails/rack/logger.rb:20:in `block in call'
  activesupport (4.0.2) lib/active_support/tagged_logging.rb:67:in `block in tagged'
  activesupport (4.0.2) lib/active_support/tagged_logging.rb:25:in `tagged'
  activesupport (4.0.2) lib/active_support/tagged_logging.rb:67:in `tagged'
  railties (4.0.2) lib/rails/rack/logger.rb:20:in `call'
  actionpack (4.0.2) lib/action_dispatch/middleware/request_id.rb:21:in `call'
  rack (1.5.2) lib/rack/methodoverride.rb:21:in `call'
  rack (1.5.2) lib/rack/runtime.rb:17:in `call'
  activesupport (4.0.2) lib/active_support/cache/strategy/local_cache.rb:83:in `call'
  actionpack (4.0.2) lib/action_dispatch/middleware/static.rb:64:in `call'
  rack (1.5.2) lib/rack/sendfile.rb:112:in `call'
  railties (4.0.2) lib/rails/engine.rb:511:in `call'
  railties (4.0.2) lib/rails/application.rb:97:in `call'
  rack (1.5.2) lib/rack/lint.rb:49:in `_call'
  rack (1.5.2) lib/rack/lint.rb:37:in `call'
  rack (1.5.2) lib/rack/showexceptions.rb:24:in `call'
  rack (1.5.2) lib/rack/commonlogger.rb:33:in `call'
  rack (1.5.2) lib/rack/chunked.rb:43:in `call'
  rack (1.5.2) lib/rack/content_length.rb:14:in `call'
  rack (1.5.2) lib/rack/handler/webrick.rb:60:in `service'
  /Users/ramoncarlos/.rvm/rubies/ruby-2.0.0-p195/lib/ruby/2.0.0/webrick/httpserver.rb:138:in `service'
  /Users/ramoncarlos/.rvm/rubies/ruby-2.0.0-p195/lib/ruby/2.0.0/webrick/httpserver.rb:94:in `run'
  /Users/ramoncarlos/.rvm/rubies/ruby-2.0.0-p195/lib/ruby/2.0.0/webrick/server.rb:295:in `block in start_thread'




Started GET "/hello/world/" for 127.0.0.1 at 2014-03-01 01:56:28 -0500
Processing by Endpoint#railsnatra as */*
  Rendered text template (0.0ms)
Completed 200 OK in 1ms (Views: 0.5ms)

ActionController::RoutingError (No route matches [GET] "/hello/world"):
  actionpack (4.0.2) lib/action_dispatch/middleware/debug_exceptions.rb:21:in `call'
  actionpack (4.0.2) lib/action_dispatch/middleware/show_exceptions.rb:30:in `call'
  railties (4.0.2) lib/rails/rack/logger.rb:38:in `call_app'
  railties (4.0.2) lib/rails/rack/logger.rb:20:in `block in call'
  activesupport (4.0.2) lib/active_support/tagged_logging.rb:67:in `block in tagged'
  activesupport (4.0.2) lib/active_support/tagged_logging.rb:25:in `tagged'
  activesupport (4.0.2) lib/active_support/tagged_logging.rb:67:in `tagged'
  railties (4.0.2) lib/rails/rack/logger.rb:20:in `call'
  actionpack (4.0.2) lib/action_dispatch/middleware/request_id.rb:21:in `call'
  rack (1.5.2) lib/rack/methodoverride.rb:21:in `call'
  rack (1.5.2) lib/rack/runtime.rb:17:in `call'
  activesupport (4.0.2) lib/active_support/cache/strategy/local_cache.rb:83:in `call'
  actionpack (4.0.2) lib/action_dispatch/middleware/static.rb:64:in `call'
  rack (1.5.2) lib/rack/sendfile.rb:112:in `call'
  railties (4.0.2) lib/rails/engine.rb:511:in `call'
  railties (4.0.2) lib/rails/application.rb:97:in `call'
  rack (1.5.2) lib/rack/lint.rb:49:in `_call'
  rack (1.5.2) lib/rack/lint.rb:37:in `call'
  rack (1.5.2) lib/rack/showexceptions.rb:24:in `call'
  rack (1.5.2) lib/rack/commonlogger.rb:33:in `call'
  rack (1.5.2) lib/rack/chunked.rb:43:in `call'
  rack (1.5.2) lib/rack/content_length.rb:14:in `call'
  rack (1.5.2) lib/rack/handler/webrick.rb:60:in `service'
  /Users/ramoncarlos/.rvm/rubies/ruby-2.0.0-p195/lib/ruby/2.0.0/webrick/httpserver.rb:138:in `service'
  /Users/ramoncarlos/.rvm/rubies/ruby-2.0.0-p195/lib/ruby/2.0.0/webrick/httpserver.rb:94:in `run'
  /Users/ramoncarlos/.rvm/rubies/ruby-2.0.0-p195/lib/ruby/2.0.0/webrick/server.rb:295:in `block in start_thread'




Started GET "/hello/world/" for 127.0.0.1 at 2014-03-01 01:56:37 -0500
Processing by Endpoint#railsnatra as */*
  Rendered text template (0.0ms)
Completed 200 OK in 0ms (Views: 0.2ms)

ActionController::RoutingError (No route matches [GET] "/hello/world"):
  actionpack (4.0.2) lib/action_dispatch/middleware/debug_exceptions.rb:21:in `call'
  actionpack (4.0.2) lib/action_dispatch/middleware/show_exceptions.rb:30:in `call'
  railties (4.0.2) lib/rails/rack/logger.rb:38:in `call_app'
  railties (4.0.2) lib/rails/rack/logger.rb:20:in `block in call'
  activesupport (4.0.2) lib/active_support/tagged_logging.rb:67:in `block in tagged'
  activesupport (4.0.2) lib/active_support/tagged_logging.rb:25:in `tagged'
  activesupport (4.0.2) lib/active_support/tagged_logging.rb:67:in `tagged'
  railties (4.0.2) lib/rails/rack/logger.rb:20:in `call'
  actionpack (4.0.2) lib/action_dispatch/middleware/request_id.rb:21:in `call'
  rack (1.5.2) lib/rack/methodoverride.rb:21:in `call'
  rack (1.5.2) lib/rack/runtime.rb:17:in `call'
  activesupport (4.0.2) lib/active_support/cache/strategy/local_cache.rb:83:in `call'
  actionpack (4.0.2) lib/action_dispatch/middleware/static.rb:64:in `call'
  rack (1.5.2) lib/rack/sendfile.rb:112:in `call'
  railties (4.0.2) lib/rails/engine.rb:511:in `call'
  railties (4.0.2) lib/rails/application.rb:97:in `call'
  rack (1.5.2) lib/rack/lint.rb:49:in `_call'
  rack (1.5.2) lib/rack/lint.rb:37:in `call'
  rack (1.5.2) lib/rack/showexceptions.rb:24:in `call'
  rack (1.5.2) lib/rack/commonlogger.rb:33:in `call'
  rack (1.5.2) lib/rack/chunked.rb:43:in `call'
  rack (1.5.2) lib/rack/content_length.rb:14:in `call'
  rack (1.5.2) lib/rack/handler/webrick.rb:60:in `service'
  /Users/ramoncarlos/.rvm/rubies/ruby-2.0.0-p195/lib/ruby/2.0.0/webrick/httpserver.rb:138:in `service'
  /Users/ramoncarlos/.rvm/rubies/ruby-2.0.0-p195/lib/ruby/2.0.0/webrick/httpserver.rb:94:in `run'
  /Users/ramoncarlos/.rvm/rubies/ruby-2.0.0-p195/lib/ruby/2.0.0/webrick/server.rb:295:in `block in start_thread'




Started GET "/hello/world/" for 127.0.0.1 at 2014-03-01 01:57:54 -0500
Processing by Endpoint#railsnatra as */*
  Rendered text template (0.0ms)
Completed 200 OK in 0ms (Views: 0.2ms)

ActionController::RoutingError (No route matches [GET] "/hello/world"):
  actionpack (4.0.2) lib/action_dispatch/middleware/debug_exceptions.rb:21:in `call'
  actionpack (4.0.2) lib/action_dispatch/middleware/show_exceptions.rb:30:in `call'
  railties (4.0.2) lib/rails/rack/logger.rb:38:in `call_app'
  railties (4.0.2) lib/rails/rack/logger.rb:20:in `block in call'
  activesupport (4.0.2) lib/active_support/tagged_logging.rb:67:in `block in tagged'
  activesupport (4.0.2) lib/active_support/tagged_logging.rb:25:in `tagged'
  activesupport (4.0.2) lib/active_support/tagged_logging.rb:67:in `tagged'
  railties (4.0.2) lib/rails/rack/logger.rb:20:in `call'
  actionpack (4.0.2) lib/action_dispatch/middleware/request_id.rb:21:in `call'
  rack (1.5.2) lib/rack/methodoverride.rb:21:in `call'
  rack (1.5.2) lib/rack/runtime.rb:17:in `call'
  activesupport (4.0.2) lib/active_support/cache/strategy/local_cache.rb:83:in `call'
  actionpack (4.0.2) lib/action_dispatch/middleware/static.rb:64:in `call'
  rack (1.5.2) lib/rack/sendfile.rb:112:in `call'
  railties (4.0.2) lib/rails/engine.rb:511:in `call'
  railties (4.0.2) lib/rails/application.rb:97:in `call'
  rack (1.5.2) lib/rack/lint.rb:49:in `_call'
  rack (1.5.2) lib/rack/lint.rb:37:in `call'
  rack (1.5.2) lib/rack/showexceptions.rb:24:in `call'
  rack (1.5.2) lib/rack/commonlogger.rb:33:in `call'
  rack (1.5.2) lib/rack/chunked.rb:43:in `call'
  rack (1.5.2) lib/rack/content_length.rb:14:in `call'
  rack (1.5.2) lib/rack/handler/webrick.rb:60:in `service'
  /Users/ramoncarlos/.rvm/rubies/ruby-2.0.0-p195/lib/ruby/2.0.0/webrick/httpserver.rb:138:in `service'
  /Users/ramoncarlos/.rvm/rubies/ruby-2.0.0-p195/lib/ruby/2.0.0/webrick/httpserver.rb:94:in `run'
  /Users/ramoncarlos/.rvm/rubies/ruby-2.0.0-p195/lib/ruby/2.0.0/webrick/server.rb:295:in `block in start_thread'




Started GET "/hello/world/" for 127.0.0.1 at 2014-03-01 01:58:40 -0500
Processing by Endpoint#railsnatra as */*
  Rendered text template (0.0ms)
Completed 200 OK in 1ms (Views: 0.5ms)

ActionController::RoutingError (No route matches [GET] "/hello/world"):
  actionpack (4.0.2) lib/action_dispatch/middleware/debug_exceptions.rb:21:in `call'
  actionpack (4.0.2) lib/action_dispatch/middleware/show_exceptions.rb:30:in `call'
  railties (4.0.2) lib/rails/rack/logger.rb:38:in `call_app'
  railties (4.0.2) lib/rails/rack/logger.rb:20:in `block in call'
  activesupport (4.0.2) lib/active_support/tagged_logging.rb:67:in `block in tagged'
  activesupport (4.0.2) lib/active_support/tagged_logging.rb:25:in `tagged'
  activesupport (4.0.2) lib/active_support/tagged_logging.rb:67:in `tagged'
  railties (4.0.2) lib/rails/rack/logger.rb:20:in `call'
  actionpack (4.0.2) lib/action_dispatch/middleware/request_id.rb:21:in `call'
  rack (1.5.2) lib/rack/methodoverride.rb:21:in `call'
  rack (1.5.2) lib/rack/runtime.rb:17:in `call'
  activesupport (4.0.2) lib/active_support/cache/strategy/local_cache.rb:83:in `call'
  actionpack (4.0.2) lib/action_dispatch/middleware/static.rb:64:in `call'
  rack (1.5.2) lib/rack/sendfile.rb:112:in `call'
  railties (4.0.2) lib/rails/engine.rb:511:in `call'
  railties (4.0.2) lib/rails/application.rb:97:in `call'
  rack (1.5.2) lib/rack/lint.rb:49:in `_call'
  rack (1.5.2) lib/rack/lint.rb:37:in `call'
  rack (1.5.2) lib/rack/showexceptions.rb:24:in `call'
  rack (1.5.2) lib/rack/commonlogger.rb:33:in `call'
  rack (1.5.2) lib/rack/chunked.rb:43:in `call'
  rack (1.5.2) lib/rack/content_length.rb:14:in `call'
  rack (1.5.2) lib/rack/handler/webrick.rb:60:in `service'
  /Users/ramoncarlos/.rvm/rubies/ruby-2.0.0-p195/lib/ruby/2.0.0/webrick/httpserver.rb:138:in `service'
  /Users/ramoncarlos/.rvm/rubies/ruby-2.0.0-p195/lib/ruby/2.0.0/webrick/httpserver.rb:94:in `run'
  /Users/ramoncarlos/.rvm/rubies/ruby-2.0.0-p195/lib/ruby/2.0.0/webrick/server.rb:295:in `block in start_thread'




Started GET "/hello/world/" for 127.0.0.1 at 2014-03-01 02:01:26 -0500
Processing by Endpoint#railsnatra as */*
  Rendered text template (0.0ms)
Completed 200 OK in 1ms (Views: 0.4ms)

ActionController::RoutingError (No route matches [GET] "/hello/world"):
  actionpack (4.0.2) lib/action_dispatch/middleware/debug_exceptions.rb:21:in `call'
  actionpack (4.0.2) lib/action_dispatch/middleware/show_exceptions.rb:30:in `call'
  railties (4.0.2) lib/rails/rack/logger.rb:38:in `call_app'
  railties (4.0.2) lib/rails/rack/logger.rb:20:in `block in call'
  activesupport (4.0.2) lib/active_support/tagged_logging.rb:67:in `block in tagged'
  activesupport (4.0.2) lib/active_support/tagged_logging.rb:25:in `tagged'
  activesupport (4.0.2) lib/active_support/tagged_logging.rb:67:in `tagged'
  railties (4.0.2) lib/rails/rack/logger.rb:20:in `call'
  actionpack (4.0.2) lib/action_dispatch/middleware/request_id.rb:21:in `call'
  rack (1.5.2) lib/rack/methodoverride.rb:21:in `call'
  rack (1.5.2) lib/rack/runtime.rb:17:in `call'
  activesupport (4.0.2) lib/active_support/cache/strategy/local_cache.rb:83:in `call'
  actionpack (4.0.2) lib/action_dispatch/middleware/static.rb:64:in `call'
  rack (1.5.2) lib/rack/sendfile.rb:112:in `call'
  railties (4.0.2) lib/rails/engine.rb:511:in `call'
  railties (4.0.2) lib/rails/application.rb:97:in `call'
  rack (1.5.2) lib/rack/lint.rb:49:in `_call'
  rack (1.5.2) lib/rack/lint.rb:37:in `call'
  rack (1.5.2) lib/rack/showexceptions.rb:24:in `call'
  rack (1.5.2) lib/rack/commonlogger.rb:33:in `call'
  rack (1.5.2) lib/rack/chunked.rb:43:in `call'
  rack (1.5.2) lib/rack/content_length.rb:14:in `call'
  rack (1.5.2) lib/rack/handler/webrick.rb:60:in `service'
  /Users/ramoncarlos/.rvm/rubies/ruby-2.0.0-p195/lib/ruby/2.0.0/webrick/httpserver.rb:138:in `service'
  /Users/ramoncarlos/.rvm/rubies/ruby-2.0.0-p195/lib/ruby/2.0.0/webrick/httpserver.rb:94:in `run'
  /Users/ramoncarlos/.rvm/rubies/ruby-2.0.0-p195/lib/ruby/2.0.0/webrick/server.rb:295:in `block in start_thread'




Started GET "/hello/world/" for 127.0.0.1 at 2014-03-01 02:02:16 -0500
Processing by Endpoint#railsnatra as */*
Completed 500 Internal Server Error in 1ms

NoMethodError (undefined method `patch_info' for #<ActionDispatch::Request:0x007ffa6b985040>):
  2_railsnatra.rb:48:in `block in run_inline_route'
  2_railsnatra.rb:47:in `each'
  2_railsnatra.rb:47:in `run_inline_route'
  2_railsnatra.rb:37:in `railsnatra'
  actionpack (4.0.2) lib/action_controller/metal/implicit_render.rb:4:in `send_action'
  actionpack (4.0.2) lib/abstract_controller/base.rb:189:in `process_action'
  actionpack (4.0.2) lib/action_controller/metal/rendering.rb:10:in `process_action'
  actionpack (4.0.2) lib/abstract_controller/callbacks.rb:18:in `block in process_action'
  activesupport (4.0.2) lib/active_support/callbacks.rb:373:in `_run__1595057879554252866__process_action__callbacks'
  activesupport (4.0.2) lib/active_support/callbacks.rb:80:in `run_callbacks'
  actionpack (4.0.2) lib/abstract_controller/callbacks.rb:17:in `process_action'
  actionpack (4.0.2) lib/action_controller/metal/rescue.rb:29:in `process_action'
  actionpack (4.0.2) lib/action_controller/metal/instrumentation.rb:31:in `block in process_action'
  activesupport (4.0.2) lib/active_support/notifications.rb:159:in `block in instrument'
  activesupport (4.0.2) lib/active_support/notifications/instrumenter.rb:20:in `instrument'
  activesupport (4.0.2) lib/active_support/notifications.rb:159:in `instrument'
  actionpack (4.0.2) lib/action_controller/metal/instrumentation.rb:30:in `process_action'
  actionpack (4.0.2) lib/action_controller/metal/params_wrapper.rb:245:in `process_action'
  actionpack (4.0.2) lib/abstract_controller/base.rb:136:in `process'
  actionpack (4.0.2) lib/abstract_controller/rendering.rb:44:in `process'
  actionpack (4.0.2) lib/action_controller/metal.rb:195:in `dispatch'
  actionpack (4.0.2) lib/action_controller/metal/rack_delegation.rb:13:in `dispatch'
  actionpack (4.0.2) lib/action_controller/metal.rb:231:in `block in action'
  2_railsnatra.rb:33:in `call'
  2_railsnatra.rb:33:in `call'
  actionpack (4.0.2) lib/action_dispatch/journey/router.rb:71:in `block in call'
  actionpack (4.0.2) lib/action_dispatch/journey/router.rb:59:in `each'
  actionpack (4.0.2) lib/action_dispatch/journey/router.rb:59:in `call'
  actionpack (4.0.2) lib/action_dispatch/routing/route_set.rb:680:in `call'
  rack (1.5.2) lib/rack/etag.rb:23:in `call'
  rack (1.5.2) lib/rack/conditionalget.rb:25:in `call'
  rack (1.5.2) lib/rack/head.rb:11:in `call'
  actionpack (4.0.2) lib/action_dispatch/middleware/params_parser.rb:27:in `call'
  actionpack (4.0.2) lib/action_dispatch/middleware/flash.rb:241:in `call'
  rack (1.5.2) lib/rack/session/abstract/id.rb:225:in `context'
  rack (1.5.2) lib/rack/session/abstract/id.rb:220:in `call'
  actionpack (4.0.2) lib/action_dispatch/middleware/cookies.rb:486:in `call'
  actionpack (4.0.2) lib/action_dispatch/middleware/callbacks.rb:29:in `block in call'
  activesupport (4.0.2) lib/active_support/callbacks.rb:373:in `_run__3306402185304537398__call__callbacks'
  activesupport (4.0.2) lib/active_support/callbacks.rb:80:in `run_callbacks'
  actionpack (4.0.2) lib/action_dispatch/middleware/callbacks.rb:27:in `call'
  actionpack (4.0.2) lib/action_dispatch/middleware/remote_ip.rb:76:in `call'
  actionpack (4.0.2) lib/action_dispatch/middleware/debug_exceptions.rb:17:in `call'
  actionpack (4.0.2) lib/action_dispatch/middleware/show_exceptions.rb:30:in `call'
  railties (4.0.2) lib/rails/rack/logger.rb:38:in `call_app'
  railties (4.0.2) lib/rails/rack/logger.rb:20:in `block in call'
  activesupport (4.0.2) lib/active_support/tagged_logging.rb:67:in `block in tagged'
  activesupport (4.0.2) lib/active_support/tagged_logging.rb:25:in `tagged'
  activesupport (4.0.2) lib/active_support/tagged_logging.rb:67:in `tagged'
  railties (4.0.2) lib/rails/rack/logger.rb:20:in `call'
  actionpack (4.0.2) lib/action_dispatch/middleware/request_id.rb:21:in `call'
  rack (1.5.2) lib/rack/methodoverride.rb:21:in `call'
  rack (1.5.2) lib/rack/runtime.rb:17:in `call'
  activesupport (4.0.2) lib/active_support/cache/strategy/local_cache.rb:83:in `call'
  actionpack (4.0.2) lib/action_dispatch/middleware/static.rb:64:in `call'
  rack (1.5.2) lib/rack/sendfile.rb:112:in `call'
  railties (4.0.2) lib/rails/engine.rb:511:in `call'
  railties (4.0.2) lib/rails/application.rb:97:in `call'
  rack (1.5.2) lib/rack/lint.rb:49:in `_call'
  rack (1.5.2) lib/rack/lint.rb:37:in `call'
  rack (1.5.2) lib/rack/showexceptions.rb:24:in `call'
  rack (1.5.2) lib/rack/commonlogger.rb:33:in `call'
  rack (1.5.2) lib/rack/chunked.rb:43:in `call'
  rack (1.5.2) lib/rack/content_length.rb:14:in `call'
  rack (1.5.2) lib/rack/handler/webrick.rb:60:in `service'
  /Users/ramoncarlos/.rvm/rubies/ruby-2.0.0-p195/lib/ruby/2.0.0/webrick/httpserver.rb:138:in `service'
  /Users/ramoncarlos/.rvm/rubies/ruby-2.0.0-p195/lib/ruby/2.0.0/webrick/httpserver.rb:94:in `run'
  /Users/ramoncarlos/.rvm/rubies/ruby-2.0.0-p195/lib/ruby/2.0.0/webrick/server.rb:295:in `block in start_thread'




Started GET "/hello/world/" for 127.0.0.1 at 2014-03-01 02:02:19 -0500
Processing by Endpoint#railsnatra as */*
Completed 500 Internal Server Error in 1ms

NoMethodError (undefined method `patch_info' for #<ActionDispatch::Request:0x007ffa6bb7c790>):
  2_railsnatra.rb:48:in `block in run_inline_route'
  2_railsnatra.rb:47:in `each'
  2_railsnatra.rb:47:in `run_inline_route'
  2_railsnatra.rb:37:in `railsnatra'
  actionpack (4.0.2) lib/action_controller/metal/implicit_render.rb:4:in `send_action'
  actionpack (4.0.2) lib/abstract_controller/base.rb:189:in `process_action'
  actionpack (4.0.2) lib/action_controller/metal/rendering.rb:10:in `process_action'
  actionpack (4.0.2) lib/abstract_controller/callbacks.rb:18:in `block in process_action'
  activesupport (4.0.2) lib/active_support/callbacks.rb:373:in `_run__1595057879554252866__process_action__callbacks'
  activesupport (4.0.2) lib/active_support/callbacks.rb:80:in `run_callbacks'
  actionpack (4.0.2) lib/abstract_controller/callbacks.rb:17:in `process_action'
  actionpack (4.0.2) lib/action_controller/metal/rescue.rb:29:in `process_action'
  actionpack (4.0.2) lib/action_controller/metal/instrumentation.rb:31:in `block in process_action'
  activesupport (4.0.2) lib/active_support/notifications.rb:159:in `block in instrument'
  activesupport (4.0.2) lib/active_support/notifications/instrumenter.rb:20:in `instrument'
  activesupport (4.0.2) lib/active_support/notifications.rb:159:in `instrument'
  actionpack (4.0.2) lib/action_controller/metal/instrumentation.rb:30:in `process_action'
  actionpack (4.0.2) lib/action_controller/metal/params_wrapper.rb:245:in `process_action'
  actionpack (4.0.2) lib/abstract_controller/base.rb:136:in `process'
  actionpack (4.0.2) lib/abstract_controller/rendering.rb:44:in `process'
  actionpack (4.0.2) lib/action_controller/metal.rb:195:in `dispatch'
  actionpack (4.0.2) lib/action_controller/metal/rack_delegation.rb:13:in `dispatch'
  actionpack (4.0.2) lib/action_controller/metal.rb:231:in `block in action'
  2_railsnatra.rb:33:in `call'
  2_railsnatra.rb:33:in `call'
  actionpack (4.0.2) lib/action_dispatch/journey/router.rb:71:in `block in call'
  actionpack (4.0.2) lib/action_dispatch/journey/router.rb:59:in `each'
  actionpack (4.0.2) lib/action_dispatch/journey/router.rb:59:in `call'
  actionpack (4.0.2) lib/action_dispatch/routing/route_set.rb:680:in `call'
  rack (1.5.2) lib/rack/etag.rb:23:in `call'
  rack (1.5.2) lib/rack/conditionalget.rb:25:in `call'
  rack (1.5.2) lib/rack/head.rb:11:in `call'
  actionpack (4.0.2) lib/action_dispatch/middleware/params_parser.rb:27:in `call'
  actionpack (4.0.2) lib/action_dispatch/middleware/flash.rb:241:in `call'
  rack (1.5.2) lib/rack/session/abstract/id.rb:225:in `context'
  rack (1.5.2) lib/rack/session/abstract/id.rb:220:in `call'
  actionpack (4.0.2) lib/action_dispatch/middleware/cookies.rb:486:in `call'
  actionpack (4.0.2) lib/action_dispatch/middleware/callbacks.rb:29:in `block in call'
  activesupport (4.0.2) lib/active_support/callbacks.rb:373:in `_run__3306402185304537398__call__callbacks'
  activesupport (4.0.2) lib/active_support/callbacks.rb:80:in `run_callbacks'
  actionpack (4.0.2) lib/action_dispatch/middleware/callbacks.rb:27:in `call'
  actionpack (4.0.2) lib/action_dispatch/middleware/remote_ip.rb:76:in `call'
  actionpack (4.0.2) lib/action_dispatch/middleware/debug_exceptions.rb:17:in `call'
  actionpack (4.0.2) lib/action_dispatch/middleware/show_exceptions.rb:30:in `call'
  railties (4.0.2) lib/rails/rack/logger.rb:38:in `call_app'
  railties (4.0.2) lib/rails/rack/logger.rb:20:in `block in call'
  activesupport (4.0.2) lib/active_support/tagged_logging.rb:67:in `block in tagged'
  activesupport (4.0.2) lib/active_support/tagged_logging.rb:25:in `tagged'
  activesupport (4.0.2) lib/active_support/tagged_logging.rb:67:in `tagged'
  railties (4.0.2) lib/rails/rack/logger.rb:20:in `call'
  actionpack (4.0.2) lib/action_dispatch/middleware/request_id.rb:21:in `call'
  rack (1.5.2) lib/rack/methodoverride.rb:21:in `call'
  rack (1.5.2) lib/rack/runtime.rb:17:in `call'
  activesupport (4.0.2) lib/active_support/cache/strategy/local_cache.rb:83:in `call'
  actionpack (4.0.2) lib/action_dispatch/middleware/static.rb:64:in `call'
  rack (1.5.2) lib/rack/sendfile.rb:112:in `call'
  railties (4.0.2) lib/rails/engine.rb:511:in `call'
  railties (4.0.2) lib/rails/application.rb:97:in `call'
  rack (1.5.2) lib/rack/lint.rb:49:in `_call'
  rack (1.5.2) lib/rack/lint.rb:37:in `call'
  rack (1.5.2) lib/rack/showexceptions.rb:24:in `call'
  rack (1.5.2) lib/rack/commonlogger.rb:33:in `call'
  rack (1.5.2) lib/rack/chunked.rb:43:in `call'
  rack (1.5.2) lib/rack/content_length.rb:14:in `call'
  rack (1.5.2) lib/rack/handler/webrick.rb:60:in `service'
  /Users/ramoncarlos/.rvm/rubies/ruby-2.0.0-p195/lib/ruby/2.0.0/webrick/httpserver.rb:138:in `service'
  /Users/ramoncarlos/.rvm/rubies/ruby-2.0.0-p195/lib/ruby/2.0.0/webrick/httpserver.rb:94:in `run'
  /Users/ramoncarlos/.rvm/rubies/ruby-2.0.0-p195/lib/ruby/2.0.0/webrick/server.rb:295:in `block in start_thread'




Started GET "/hello/world/" for 127.0.0.1 at 2014-03-01 02:02:45 -0500
Processing by Endpoint#railsnatra as */*
  Rendered text template (0.0ms)
Completed 200 OK in 2ms (Views: 0.5ms)

ActionController::RoutingError (No route matches [GET] "/hello/world"):
  actionpack (4.0.2) lib/action_dispatch/middleware/debug_exceptions.rb:21:in `call'
  actionpack (4.0.2) lib/action_dispatch/middleware/show_exceptions.rb:30:in `call'
  railties (4.0.2) lib/rails/rack/logger.rb:38:in `call_app'
  railties (4.0.2) lib/rails/rack/logger.rb:20:in `block in call'
  activesupport (4.0.2) lib/active_support/tagged_logging.rb:67:in `block in tagged'
  activesupport (4.0.2) lib/active_support/tagged_logging.rb:25:in `tagged'
  activesupport (4.0.2) lib/active_support/tagged_logging.rb:67:in `tagged'
  railties (4.0.2) lib/rails/rack/logger.rb:20:in `call'
  actionpack (4.0.2) lib/action_dispatch/middleware/request_id.rb:21:in `call'
  rack (1.5.2) lib/rack/methodoverride.rb:21:in `call'
  rack (1.5.2) lib/rack/runtime.rb:17:in `call'
  activesupport (4.0.2) lib/active_support/cache/strategy/local_cache.rb:83:in `call'
  actionpack (4.0.2) lib/action_dispatch/middleware/static.rb:64:in `call'
  rack (1.5.2) lib/rack/sendfile.rb:112:in `call'
  railties (4.0.2) lib/rails/engine.rb:511:in `call'
  railties (4.0.2) lib/rails/application.rb:97:in `call'
  rack (1.5.2) lib/rack/lint.rb:49:in `_call'
  rack (1.5.2) lib/rack/lint.rb:37:in `call'
  rack (1.5.2) lib/rack/showexceptions.rb:24:in `call'
  rack (1.5.2) lib/rack/commonlogger.rb:33:in `call'
  rack (1.5.2) lib/rack/chunked.rb:43:in `call'
  rack (1.5.2) lib/rack/content_length.rb:14:in `call'
  rack (1.5.2) lib/rack/handler/webrick.rb:60:in `service'
  /Users/ramoncarlos/.rvm/rubies/ruby-2.0.0-p195/lib/ruby/2.0.0/webrick/httpserver.rb:138:in `service'
  /Users/ramoncarlos/.rvm/rubies/ruby-2.0.0-p195/lib/ruby/2.0.0/webrick/httpserver.rb:94:in `run'
  /Users/ramoncarlos/.rvm/rubies/ruby-2.0.0-p195/lib/ruby/2.0.0/webrick/server.rb:295:in `block in start_thread'




Started GET "/hello/world/" for 127.0.0.1 at 2014-03-01 02:03:19 -0500
Processing by Endpoint#railsnatra as */*
  Rendered text template (0.0ms)
Completed 200 OK in 1ms (Views: 0.6ms)

ActionController::RoutingError (No route matches [GET] "/hello/world"):
  actionpack (4.0.2) lib/action_dispatch/middleware/debug_exceptions.rb:21:in `call'
  actionpack (4.0.2) lib/action_dispatch/middleware/show_exceptions.rb:30:in `call'
  railties (4.0.2) lib/rails/rack/logger.rb:38:in `call_app'
  railties (4.0.2) lib/rails/rack/logger.rb:20:in `block in call'
  activesupport (4.0.2) lib/active_support/tagged_logging.rb:67:in `block in tagged'
  activesupport (4.0.2) lib/active_support/tagged_logging.rb:25:in `tagged'
  activesupport (4.0.2) lib/active_support/tagged_logging.rb:67:in `tagged'
  railties (4.0.2) lib/rails/rack/logger.rb:20:in `call'
  actionpack (4.0.2) lib/action_dispatch/middleware/request_id.rb:21:in `call'
  rack (1.5.2) lib/rack/methodoverride.rb:21:in `call'
  rack (1.5.2) lib/rack/runtime.rb:17:in `call'
  activesupport (4.0.2) lib/active_support/cache/strategy/local_cache.rb:83:in `call'
  actionpack (4.0.2) lib/action_dispatch/middleware/static.rb:64:in `call'
  rack (1.5.2) lib/rack/sendfile.rb:112:in `call'
  railties (4.0.2) lib/rails/engine.rb:511:in `call'
  railties (4.0.2) lib/rails/application.rb:97:in `call'
  rack (1.5.2) lib/rack/lint.rb:49:in `_call'
  rack (1.5.2) lib/rack/lint.rb:37:in `call'
  rack (1.5.2) lib/rack/showexceptions.rb:24:in `call'
  rack (1.5.2) lib/rack/commonlogger.rb:33:in `call'
  rack (1.5.2) lib/rack/chunked.rb:43:in `call'
  rack (1.5.2) lib/rack/content_length.rb:14:in `call'
  rack (1.5.2) lib/rack/handler/webrick.rb:60:in `service'
  /Users/ramoncarlos/.rvm/rubies/ruby-2.0.0-p195/lib/ruby/2.0.0/webrick/httpserver.rb:138:in `service'
  /Users/ramoncarlos/.rvm/rubies/ruby-2.0.0-p195/lib/ruby/2.0.0/webrick/httpserver.rb:94:in `run'
  /Users/ramoncarlos/.rvm/rubies/ruby-2.0.0-p195/lib/ruby/2.0.0/webrick/server.rb:295:in `block in start_thread'




Started GET "/hello/world/" for 127.0.0.1 at 2014-03-01 02:03:53 -0500
Processing by Endpoint#railsnatra as */*
  Rendered text template (0.0ms)
Completed 200 OK in 1ms (Views: 0.5ms)

ActionController::RoutingError (No route matches [GET] "/hello/world"):
  actionpack (4.0.2) lib/action_dispatch/middleware/debug_exceptions.rb:21:in `call'
  actionpack (4.0.2) lib/action_dispatch/middleware/show_exceptions.rb:30:in `call'
  railties (4.0.2) lib/rails/rack/logger.rb:38:in `call_app'
  railties (4.0.2) lib/rails/rack/logger.rb:20:in `block in call'
  activesupport (4.0.2) lib/active_support/tagged_logging.rb:67:in `block in tagged'
  activesupport (4.0.2) lib/active_support/tagged_logging.rb:25:in `tagged'
  activesupport (4.0.2) lib/active_support/tagged_logging.rb:67:in `tagged'
  railties (4.0.2) lib/rails/rack/logger.rb:20:in `call'
  actionpack (4.0.2) lib/action_dispatch/middleware/request_id.rb:21:in `call'
  rack (1.5.2) lib/rack/methodoverride.rb:21:in `call'
  rack (1.5.2) lib/rack/runtime.rb:17:in `call'
  activesupport (4.0.2) lib/active_support/cache/strategy/local_cache.rb:83:in `call'
  actionpack (4.0.2) lib/action_dispatch/middleware/static.rb:64:in `call'
  rack (1.5.2) lib/rack/sendfile.rb:112:in `call'
  railties (4.0.2) lib/rails/engine.rb:511:in `call'
  railties (4.0.2) lib/rails/application.rb:97:in `call'
  rack (1.5.2) lib/rack/lint.rb:49:in `_call'
  rack (1.5.2) lib/rack/lint.rb:37:in `call'
  rack (1.5.2) lib/rack/showexceptions.rb:24:in `call'
  rack (1.5.2) lib/rack/commonlogger.rb:33:in `call'
  rack (1.5.2) lib/rack/chunked.rb:43:in `call'
  rack (1.5.2) lib/rack/content_length.rb:14:in `call'
  rack (1.5.2) lib/rack/handler/webrick.rb:60:in `service'
  /Users/ramoncarlos/.rvm/rubies/ruby-2.0.0-p195/lib/ruby/2.0.0/webrick/httpserver.rb:138:in `service'
  /Users/ramoncarlos/.rvm/rubies/ruby-2.0.0-p195/lib/ruby/2.0.0/webrick/httpserver.rb:94:in `run'
  /Users/ramoncarlos/.rvm/rubies/ruby-2.0.0-p195/lib/ruby/2.0.0/webrick/server.rb:295:in `block in start_thread'




Started GET "/hello/world" for 127.0.0.1 at 2014-03-01 02:05:36 -0500
Processing by Endpoint#railsnatra as */*
  Rendered text template (0.0ms)
Completed 200 OK in 1ms (Views: 0.5ms)

ActionController::RoutingError (No route matches [GET] "/hello/world"):
  actionpack (4.0.2) lib/action_dispatch/middleware/debug_exceptions.rb:21:in `call'
  actionpack (4.0.2) lib/action_dispatch/middleware/show_exceptions.rb:30:in `call'
  railties (4.0.2) lib/rails/rack/logger.rb:38:in `call_app'
  railties (4.0.2) lib/rails/rack/logger.rb:20:in `block in call'
  activesupport (4.0.2) lib/active_support/tagged_logging.rb:67:in `block in tagged'
  activesupport (4.0.2) lib/active_support/tagged_logging.rb:25:in `tagged'
  activesupport (4.0.2) lib/active_support/tagged_logging.rb:67:in `tagged'
  railties (4.0.2) lib/rails/rack/logger.rb:20:in `call'
  actionpack (4.0.2) lib/action_dispatch/middleware/request_id.rb:21:in `call'
  rack (1.5.2) lib/rack/methodoverride.rb:21:in `call'
  rack (1.5.2) lib/rack/runtime.rb:17:in `call'
  activesupport (4.0.2) lib/active_support/cache/strategy/local_cache.rb:83:in `call'
  actionpack (4.0.2) lib/action_dispatch/middleware/static.rb:64:in `call'
  rack (1.5.2) lib/rack/sendfile.rb:112:in `call'
  railties (4.0.2) lib/rails/engine.rb:511:in `call'
  railties (4.0.2) lib/rails/application.rb:97:in `call'
  rack (1.5.2) lib/rack/lint.rb:49:in `_call'
  rack (1.5.2) lib/rack/lint.rb:37:in `call'
  rack (1.5.2) lib/rack/showexceptions.rb:24:in `call'
  rack (1.5.2) lib/rack/commonlogger.rb:33:in `call'
  rack (1.5.2) lib/rack/chunked.rb:43:in `call'
  rack (1.5.2) lib/rack/content_length.rb:14:in `call'
  rack (1.5.2) lib/rack/handler/webrick.rb:60:in `service'
  /Users/ramoncarlos/.rvm/rubies/ruby-2.0.0-p195/lib/ruby/2.0.0/webrick/httpserver.rb:138:in `service'
  /Users/ramoncarlos/.rvm/rubies/ruby-2.0.0-p195/lib/ruby/2.0.0/webrick/httpserver.rb:94:in `run'
  /Users/ramoncarlos/.rvm/rubies/ruby-2.0.0-p195/lib/ruby/2.0.0/webrick/server.rb:295:in `block in start_thread'




Started GET "/hello/world" for 127.0.0.1 at 2014-03-01 02:05:44 -0500
Processing by Endpoint#railsnatra as */*
  Rendered text template (0.0ms)
Completed 200 OK in 0ms (Views: 0.3ms)

ActionController::RoutingError (No route matches [GET] "/hello/world"):
  actionpack (4.0.2) lib/action_dispatch/middleware/debug_exceptions.rb:21:in `call'
  actionpack (4.0.2) lib/action_dispatch/middleware/show_exceptions.rb:30:in `call'
  railties (4.0.2) lib/rails/rack/logger.rb:38:in `call_app'
  railties (4.0.2) lib/rails/rack/logger.rb:20:in `block in call'
  activesupport (4.0.2) lib/active_support/tagged_logging.rb:67:in `block in tagged'
  activesupport (4.0.2) lib/active_support/tagged_logging.rb:25:in `tagged'
  activesupport (4.0.2) lib/active_support/tagged_logging.rb:67:in `tagged'
  railties (4.0.2) lib/rails/rack/logger.rb:20:in `call'
  actionpack (4.0.2) lib/action_dispatch/middleware/request_id.rb:21:in `call'
  rack (1.5.2) lib/rack/methodoverride.rb:21:in `call'
  rack (1.5.2) lib/rack/runtime.rb:17:in `call'
  activesupport (4.0.2) lib/active_support/cache/strategy/local_cache.rb:83:in `call'
  actionpack (4.0.2) lib/action_dispatch/middleware/static.rb:64:in `call'
  rack (1.5.2) lib/rack/sendfile.rb:112:in `call'
  railties (4.0.2) lib/rails/engine.rb:511:in `call'
  railties (4.0.2) lib/rails/application.rb:97:in `call'
  rack (1.5.2) lib/rack/lint.rb:49:in `_call'
  rack (1.5.2) lib/rack/lint.rb:37:in `call'
  rack (1.5.2) lib/rack/showexceptions.rb:24:in `call'
  rack (1.5.2) lib/rack/commonlogger.rb:33:in `call'
  rack (1.5.2) lib/rack/chunked.rb:43:in `call'
  rack (1.5.2) lib/rack/content_length.rb:14:in `call'
  rack (1.5.2) lib/rack/handler/webrick.rb:60:in `service'
  /Users/ramoncarlos/.rvm/rubies/ruby-2.0.0-p195/lib/ruby/2.0.0/webrick/httpserver.rb:138:in `service'
  /Users/ramoncarlos/.rvm/rubies/ruby-2.0.0-p195/lib/ruby/2.0.0/webrick/httpserver.rb:94:in `run'
  /Users/ramoncarlos/.rvm/rubies/ruby-2.0.0-p195/lib/ruby/2.0.0/webrick/server.rb:295:in `block in start_thread'




Started GET "/hello/world" for 127.0.0.1 at 2014-03-01 02:06:30 -0500
Processing by Endpoint#railsnatra as */*
  Rendered text template (0.0ms)
Completed 200 OK in 1ms (Views: 0.5ms)

ActionController::RoutingError (No route matches [GET] "/hello/world"):
  actionpack (4.0.2) lib/action_dispatch/middleware/debug_exceptions.rb:21:in `call'
  actionpack (4.0.2) lib/action_dispatch/middleware/show_exceptions.rb:30:in `call'
  railties (4.0.2) lib/rails/rack/logger.rb:38:in `call_app'
  railties (4.0.2) lib/rails/rack/logger.rb:20:in `block in call'
  activesupport (4.0.2) lib/active_support/tagged_logging.rb:67:in `block in tagged'
  activesupport (4.0.2) lib/active_support/tagged_logging.rb:25:in `tagged'
  activesupport (4.0.2) lib/active_support/tagged_logging.rb:67:in `tagged'
  railties (4.0.2) lib/rails/rack/logger.rb:20:in `call'
  actionpack (4.0.2) lib/action_dispatch/middleware/request_id.rb:21:in `call'
  rack (1.5.2) lib/rack/methodoverride.rb:21:in `call'
  rack (1.5.2) lib/rack/runtime.rb:17:in `call'
  activesupport (4.0.2) lib/active_support/cache/strategy/local_cache.rb:83:in `call'
  actionpack (4.0.2) lib/action_dispatch/middleware/static.rb:64:in `call'
  rack (1.5.2) lib/rack/sendfile.rb:112:in `call'
  railties (4.0.2) lib/rails/engine.rb:511:in `call'
  railties (4.0.2) lib/rails/application.rb:97:in `call'
  rack (1.5.2) lib/rack/lint.rb:49:in `_call'
  rack (1.5.2) lib/rack/lint.rb:37:in `call'
  rack (1.5.2) lib/rack/showexceptions.rb:24:in `call'
  rack (1.5.2) lib/rack/commonlogger.rb:33:in `call'
  rack (1.5.2) lib/rack/chunked.rb:43:in `call'
  rack (1.5.2) lib/rack/content_length.rb:14:in `call'
  rack (1.5.2) lib/rack/handler/webrick.rb:60:in `service'
  /Users/ramoncarlos/.rvm/rubies/ruby-2.0.0-p195/lib/ruby/2.0.0/webrick/httpserver.rb:138:in `service'
  /Users/ramoncarlos/.rvm/rubies/ruby-2.0.0-p195/lib/ruby/2.0.0/webrick/httpserver.rb:94:in `run'
  /Users/ramoncarlos/.rvm/rubies/ruby-2.0.0-p195/lib/ruby/2.0.0/webrick/server.rb:295:in `block in start_thread'




Started GET "/hello/world" for 127.0.0.1 at 2014-03-01 02:07:54 -0500
Processing by Endpoint#railsnatra as */*
Completed 500 Internal Server Error in 0ms

LocalJumpError (no block given):
  2_railsnatra.rb:53:in `instance_exec'
  2_railsnatra.rb:53:in `block in run_inline_route'
  2_railsnatra.rb:49:in `each'
  2_railsnatra.rb:49:in `run_inline_route'
  2_railsnatra.rb:37:in `railsnatra'
  actionpack (4.0.2) lib/action_controller/metal/implicit_render.rb:4:in `send_action'
  actionpack (4.0.2) lib/abstract_controller/base.rb:189:in `process_action'
  actionpack (4.0.2) lib/action_controller/metal/rendering.rb:10:in `process_action'
  actionpack (4.0.2) lib/abstract_controller/callbacks.rb:18:in `block in process_action'
  activesupport (4.0.2) lib/active_support/callbacks.rb:373:in `_run__2601926333369679556__process_action__callbacks'
  activesupport (4.0.2) lib/active_support/callbacks.rb:80:in `run_callbacks'
  actionpack (4.0.2) lib/abstract_controller/callbacks.rb:17:in `process_action'
  actionpack (4.0.2) lib/action_controller/metal/rescue.rb:29:in `process_action'
  actionpack (4.0.2) lib/action_controller/metal/instrumentation.rb:31:in `block in process_action'
  activesupport (4.0.2) lib/active_support/notifications.rb:159:in `block in instrument'
  activesupport (4.0.2) lib/active_support/notifications/instrumenter.rb:20:in `instrument'
  activesupport (4.0.2) lib/active_support/notifications.rb:159:in `instrument'
  actionpack (4.0.2) lib/action_controller/metal/instrumentation.rb:30:in `process_action'
  actionpack (4.0.2) lib/action_controller/metal/params_wrapper.rb:245:in `process_action'
  actionpack (4.0.2) lib/abstract_controller/base.rb:136:in `process'
  actionpack (4.0.2) lib/abstract_controller/rendering.rb:44:in `process'
  actionpack (4.0.2) lib/action_controller/metal.rb:195:in `dispatch'
  actionpack (4.0.2) lib/action_controller/metal/rack_delegation.rb:13:in `dispatch'
  actionpack (4.0.2) lib/action_controller/metal.rb:231:in `block in action'
  2_railsnatra.rb:33:in `call'
  2_railsnatra.rb:33:in `call'
  actionpack (4.0.2) lib/action_dispatch/journey/router.rb:71:in `block in call'
  actionpack (4.0.2) lib/action_dispatch/journey/router.rb:59:in `each'
  actionpack (4.0.2) lib/action_dispatch/journey/router.rb:59:in `call'
  actionpack (4.0.2) lib/action_dispatch/routing/route_set.rb:680:in `call'
  rack (1.5.2) lib/rack/etag.rb:23:in `call'
  rack (1.5.2) lib/rack/conditionalget.rb:25:in `call'
  rack (1.5.2) lib/rack/head.rb:11:in `call'
  actionpack (4.0.2) lib/action_dispatch/middleware/params_parser.rb:27:in `call'
  actionpack (4.0.2) lib/action_dispatch/middleware/flash.rb:241:in `call'
  rack (1.5.2) lib/rack/session/abstract/id.rb:225:in `context'
  rack (1.5.2) lib/rack/session/abstract/id.rb:220:in `call'
  actionpack (4.0.2) lib/action_dispatch/middleware/cookies.rb:486:in `call'
  actionpack (4.0.2) lib/action_dispatch/middleware/callbacks.rb:29:in `block in call'
  activesupport (4.0.2) lib/active_support/callbacks.rb:373:in `_run__4562344581263324811__call__callbacks'
  activesupport (4.0.2) lib/active_support/callbacks.rb:80:in `run_callbacks'
  actionpack (4.0.2) lib/action_dispatch/middleware/callbacks.rb:27:in `call'
  actionpack (4.0.2) lib/action_dispatch/middleware/remote_ip.rb:76:in `call'
  actionpack (4.0.2) lib/action_dispatch/middleware/debug_exceptions.rb:17:in `call'
  actionpack (4.0.2) lib/action_dispatch/middleware/show_exceptions.rb:30:in `call'
  railties (4.0.2) lib/rails/rack/logger.rb:38:in `call_app'
  railties (4.0.2) lib/rails/rack/logger.rb:20:in `block in call'
  activesupport (4.0.2) lib/active_support/tagged_logging.rb:67:in `block in tagged'
  activesupport (4.0.2) lib/active_support/tagged_logging.rb:25:in `tagged'
  activesupport (4.0.2) lib/active_support/tagged_logging.rb:67:in `tagged'
  railties (4.0.2) lib/rails/rack/logger.rb:20:in `call'
  actionpack (4.0.2) lib/action_dispatch/middleware/request_id.rb:21:in `call'
  rack (1.5.2) lib/rack/methodoverride.rb:21:in `call'
  rack (1.5.2) lib/rack/runtime.rb:17:in `call'
  activesupport (4.0.2) lib/active_support/cache/strategy/local_cache.rb:83:in `call'
  actionpack (4.0.2) lib/action_dispatch/middleware/static.rb:64:in `call'
  rack (1.5.2) lib/rack/sendfile.rb:112:in `call'
  railties (4.0.2) lib/rails/engine.rb:511:in `call'
  railties (4.0.2) lib/rails/application.rb:97:in `call'
  rack (1.5.2) lib/rack/lint.rb:49:in `_call'
  rack (1.5.2) lib/rack/lint.rb:37:in `call'
  rack (1.5.2) lib/rack/showexceptions.rb:24:in `call'
  rack (1.5.2) lib/rack/commonlogger.rb:33:in `call'
  rack (1.5.2) lib/rack/chunked.rb:43:in `call'
  rack (1.5.2) lib/rack/content_length.rb:14:in `call'
  rack (1.5.2) lib/rack/handler/webrick.rb:60:in `service'
  /Users/ramoncarlos/.rvm/rubies/ruby-2.0.0-p195/lib/ruby/2.0.0/webrick/httpserver.rb:138:in `service'
  /Users/ramoncarlos/.rvm/rubies/ruby-2.0.0-p195/lib/ruby/2.0.0/webrick/httpserver.rb:94:in `run'
  /Users/ramoncarlos/.rvm/rubies/ruby-2.0.0-p195/lib/ruby/2.0.0/webrick/server.rb:295:in `block in start_thread'




Started GET "/hello/world" for 127.0.0.1 at 2014-03-01 02:08:02 -0500
Processing by Endpoint#railsnatra as */*
Completed 500 Internal Server Error in 0ms

LocalJumpError (no block given):
  2_railsnatra.rb:53:in `instance_exec'
  2_railsnatra.rb:53:in `block in run_inline_route'
  2_railsnatra.rb:49:in `each'
  2_railsnatra.rb:49:in `run_inline_route'
  2_railsnatra.rb:37:in `railsnatra'
  actionpack (4.0.2) lib/action_controller/metal/implicit_render.rb:4:in `send_action'
  actionpack (4.0.2) lib/abstract_controller/base.rb:189:in `process_action'
  actionpack (4.0.2) lib/action_controller/metal/rendering.rb:10:in `process_action'
  actionpack (4.0.2) lib/abstract_controller/callbacks.rb:18:in `block in process_action'
  activesupport (4.0.2) lib/active_support/callbacks.rb:373:in `_run__2601926333369679556__process_action__callbacks'
  activesupport (4.0.2) lib/active_support/callbacks.rb:80:in `run_callbacks'
  actionpack (4.0.2) lib/abstract_controller/callbacks.rb:17:in `process_action'
  actionpack (4.0.2) lib/action_controller/metal/rescue.rb:29:in `process_action'
  actionpack (4.0.2) lib/action_controller/metal/instrumentation.rb:31:in `block in process_action'
  activesupport (4.0.2) lib/active_support/notifications.rb:159:in `block in instrument'
  activesupport (4.0.2) lib/active_support/notifications/instrumenter.rb:20:in `instrument'
  activesupport (4.0.2) lib/active_support/notifications.rb:159:in `instrument'
  actionpack (4.0.2) lib/action_controller/metal/instrumentation.rb:30:in `process_action'
  actionpack (4.0.2) lib/action_controller/metal/params_wrapper.rb:245:in `process_action'
  actionpack (4.0.2) lib/abstract_controller/base.rb:136:in `process'
  actionpack (4.0.2) lib/abstract_controller/rendering.rb:44:in `process'
  actionpack (4.0.2) lib/action_controller/metal.rb:195:in `dispatch'
  actionpack (4.0.2) lib/action_controller/metal/rack_delegation.rb:13:in `dispatch'
  actionpack (4.0.2) lib/action_controller/metal.rb:231:in `block in action'
  2_railsnatra.rb:33:in `call'
  2_railsnatra.rb:33:in `call'
  actionpack (4.0.2) lib/action_dispatch/journey/router.rb:71:in `block in call'
  actionpack (4.0.2) lib/action_dispatch/journey/router.rb:59:in `each'
  actionpack (4.0.2) lib/action_dispatch/journey/router.rb:59:in `call'
  actionpack (4.0.2) lib/action_dispatch/routing/route_set.rb:680:in `call'
  rack (1.5.2) lib/rack/etag.rb:23:in `call'
  rack (1.5.2) lib/rack/conditionalget.rb:25:in `call'
  rack (1.5.2) lib/rack/head.rb:11:in `call'
  actionpack (4.0.2) lib/action_dispatch/middleware/params_parser.rb:27:in `call'
  actionpack (4.0.2) lib/action_dispatch/middleware/flash.rb:241:in `call'
  rack (1.5.2) lib/rack/session/abstract/id.rb:225:in `context'
  rack (1.5.2) lib/rack/session/abstract/id.rb:220:in `call'
  actionpack (4.0.2) lib/action_dispatch/middleware/cookies.rb:486:in `call'
  actionpack (4.0.2) lib/action_dispatch/middleware/callbacks.rb:29:in `block in call'
  activesupport (4.0.2) lib/active_support/callbacks.rb:373:in `_run__4562344581263324811__call__callbacks'
  activesupport (4.0.2) lib/active_support/callbacks.rb:80:in `run_callbacks'
  actionpack (4.0.2) lib/action_dispatch/middleware/callbacks.rb:27:in `call'
  actionpack (4.0.2) lib/action_dispatch/middleware/remote_ip.rb:76:in `call'
  actionpack (4.0.2) lib/action_dispatch/middleware/debug_exceptions.rb:17:in `call'
  actionpack (4.0.2) lib/action_dispatch/middleware/show_exceptions.rb:30:in `call'
  railties (4.0.2) lib/rails/rack/logger.rb:38:in `call_app'
  railties (4.0.2) lib/rails/rack/logger.rb:20:in `block in call'
  activesupport (4.0.2) lib/active_support/tagged_logging.rb:67:in `block in tagged'
  activesupport (4.0.2) lib/active_support/tagged_logging.rb:25:in `tagged'
  activesupport (4.0.2) lib/active_support/tagged_logging.rb:67:in `tagged'
  railties (4.0.2) lib/rails/rack/logger.rb:20:in `call'
  actionpack (4.0.2) lib/action_dispatch/middleware/request_id.rb:21:in `call'
  rack (1.5.2) lib/rack/methodoverride.rb:21:in `call'
  rack (1.5.2) lib/rack/runtime.rb:17:in `call'
  activesupport (4.0.2) lib/active_support/cache/strategy/local_cache.rb:83:in `call'
  actionpack (4.0.2) lib/action_dispatch/middleware/static.rb:64:in `call'
  rack (1.5.2) lib/rack/sendfile.rb:112:in `call'
  railties (4.0.2) lib/rails/engine.rb:511:in `call'
  railties (4.0.2) lib/rails/application.rb:97:in `call'
  rack (1.5.2) lib/rack/lint.rb:49:in `_call'
  rack (1.5.2) lib/rack/lint.rb:37:in `call'
  rack (1.5.2) lib/rack/showexceptions.rb:24:in `call'
  rack (1.5.2) lib/rack/commonlogger.rb:33:in `call'
  rack (1.5.2) lib/rack/chunked.rb:43:in `call'
  rack (1.5.2) lib/rack/content_length.rb:14:in `call'
  rack (1.5.2) lib/rack/handler/webrick.rb:60:in `service'
  /Users/ramoncarlos/.rvm/rubies/ruby-2.0.0-p195/lib/ruby/2.0.0/webrick/httpserver.rb:138:in `service'
  /Users/ramoncarlos/.rvm/rubies/ruby-2.0.0-p195/lib/ruby/2.0.0/webrick/httpserver.rb:94:in `run'
  /Users/ramoncarlos/.rvm/rubies/ruby-2.0.0-p195/lib/ruby/2.0.0/webrick/server.rb:295:in `block in start_thread'




Started GET "/hello/world" for 127.0.0.1 at 2014-03-01 10:38:25 -0500
Processing by Endpoint#railsnatra as */*
  Rendered text template (0.0ms)
Completed 200 OK in 1ms (Views: 0.4ms)

ActionController::RoutingError (No route matches [GET] "/hello/world"):
  actionpack (4.0.2) lib/action_dispatch/middleware/debug_exceptions.rb:21:in `call'
  actionpack (4.0.2) lib/action_dispatch/middleware/show_exceptions.rb:30:in `call'
  railties (4.0.2) lib/rails/rack/logger.rb:38:in `call_app'
  railties (4.0.2) lib/rails/rack/logger.rb:20:in `block in call'
  activesupport (4.0.2) lib/active_support/tagged_logging.rb:67:in `block in tagged'
  activesupport (4.0.2) lib/active_support/tagged_logging.rb:25:in `tagged'
  activesupport (4.0.2) lib/active_support/tagged_logging.rb:67:in `tagged'
  railties (4.0.2) lib/rails/rack/logger.rb:20:in `call'
  actionpack (4.0.2) lib/action_dispatch/middleware/request_id.rb:21:in `call'
  rack (1.5.2) lib/rack/methodoverride.rb:21:in `call'
  rack (1.5.2) lib/rack/runtime.rb:17:in `call'
  activesupport (4.0.2) lib/active_support/cache/strategy/local_cache.rb:83:in `call'
  actionpack (4.0.2) lib/action_dispatch/middleware/static.rb:64:in `call'
  rack (1.5.2) lib/rack/sendfile.rb:112:in `call'
  railties (4.0.2) lib/rails/engine.rb:511:in `call'
  railties (4.0.2) lib/rails/application.rb:97:in `call'
  rack (1.5.2) lib/rack/lint.rb:49:in `_call'
  rack (1.5.2) lib/rack/lint.rb:37:in `call'
  rack (1.5.2) lib/rack/showexceptions.rb:24:in `call'
  rack (1.5.2) lib/rack/commonlogger.rb:33:in `call'
  rack (1.5.2) lib/rack/chunked.rb:43:in `call'
  rack (1.5.2) lib/rack/content_length.rb:14:in `call'
  rack (1.5.2) lib/rack/handler/webrick.rb:60:in `service'
  /Users/ramoncarlos/.rvm/rubies/ruby-2.0.0-p195/lib/ruby/2.0.0/webrick/httpserver.rb:138:in `service'
  /Users/ramoncarlos/.rvm/rubies/ruby-2.0.0-p195/lib/ruby/2.0.0/webrick/httpserver.rb:94:in `run'
  /Users/ramoncarlos/.rvm/rubies/ruby-2.0.0-p195/lib/ruby/2.0.0/webrick/server.rb:295:in `block in start_thread'




Started GET "/hello/world" for 127.0.0.1 at 2014-03-01 10:42:20 -0500
Processing by Endpoint#railsnatra as */*
  Rendered text template (0.0ms)
Completed 200 OK in 1ms (Views: 0.4ms)

ActionController::RoutingError (No route matches [GET] "/hello/world"):
  actionpack (4.0.2) lib/action_dispatch/middleware/debug_exceptions.rb:21:in `call'
  actionpack (4.0.2) lib/action_dispatch/middleware/show_exceptions.rb:30:in `call'
  railties (4.0.2) lib/rails/rack/logger.rb:38:in `call_app'
  railties (4.0.2) lib/rails/rack/logger.rb:20:in `block in call'
  activesupport (4.0.2) lib/active_support/tagged_logging.rb:67:in `block in tagged'
  activesupport (4.0.2) lib/active_support/tagged_logging.rb:25:in `tagged'
  activesupport (4.0.2) lib/active_support/tagged_logging.rb:67:in `tagged'
  railties (4.0.2) lib/rails/rack/logger.rb:20:in `call'
  actionpack (4.0.2) lib/action_dispatch/middleware/request_id.rb:21:in `call'
  rack (1.5.2) lib/rack/methodoverride.rb:21:in `call'
  rack (1.5.2) lib/rack/runtime.rb:17:in `call'
  activesupport (4.0.2) lib/active_support/cache/strategy/local_cache.rb:83:in `call'
  actionpack (4.0.2) lib/action_dispatch/middleware/static.rb:64:in `call'
  rack (1.5.2) lib/rack/sendfile.rb:112:in `call'
  railties (4.0.2) lib/rails/engine.rb:511:in `call'
  railties (4.0.2) lib/rails/application.rb:97:in `call'
  rack (1.5.2) lib/rack/lint.rb:49:in `_call'
  rack (1.5.2) lib/rack/lint.rb:37:in `call'
  rack (1.5.2) lib/rack/showexceptions.rb:24:in `call'
  rack (1.5.2) lib/rack/commonlogger.rb:33:in `call'
  rack (1.5.2) lib/rack/chunked.rb:43:in `call'
  rack (1.5.2) lib/rack/content_length.rb:14:in `call'
  rack (1.5.2) lib/rack/handler/webrick.rb:60:in `service'
  /Users/ramoncarlos/.rvm/rubies/ruby-2.0.0-p195/lib/ruby/2.0.0/webrick/httpserver.rb:138:in `service'
  /Users/ramoncarlos/.rvm/rubies/ruby-2.0.0-p195/lib/ruby/2.0.0/webrick/httpserver.rb:94:in `run'
  /Users/ramoncarlos/.rvm/rubies/ruby-2.0.0-p195/lib/ruby/2.0.0/webrick/server.rb:295:in `block in start_thread'




Started GET "/" for 127.0.0.1 at 2014-03-01 11:07:29 -0500
Processing by Rails::WelcomeController#index as */*
  Rendered /Users/ramoncarlos/.rvm/gems/ruby-2.0.0-p195/gems/railties-4.0.2/lib/rails/templates/rails/welcome/index.html.erb (0.8ms)
Completed 200 OK in 5ms (Views: 5.2ms)


Started GET "/hello" for 127.0.0.1 at 2014-03-01 11:07:33 -0500
Processing by Endpoint#railsnatra as */*
Completed 200 OK in 0ms

ActionController::RoutingError (No route matches [GET] "/hello"):
  actionpack (4.0.2) lib/action_dispatch/middleware/debug_exceptions.rb:21:in `call'
  actionpack (4.0.2) lib/action_dispatch/middleware/show_exceptions.rb:30:in `call'
  railties (4.0.2) lib/rails/rack/logger.rb:38:in `call_app'
  railties (4.0.2) lib/rails/rack/logger.rb:20:in `block in call'
  activesupport (4.0.2) lib/active_support/tagged_logging.rb:67:in `block in tagged'
  activesupport (4.0.2) lib/active_support/tagged_logging.rb:25:in `tagged'
  activesupport (4.0.2) lib/active_support/tagged_logging.rb:67:in `tagged'
  railties (4.0.2) lib/rails/rack/logger.rb:20:in `call'
  actionpack (4.0.2) lib/action_dispatch/middleware/request_id.rb:21:in `call'
  rack (1.5.2) lib/rack/methodoverride.rb:21:in `call'
  rack (1.5.2) lib/rack/runtime.rb:17:in `call'
  activesupport (4.0.2) lib/active_support/cache/strategy/local_cache.rb:83:in `call'
  actionpack (4.0.2) lib/action_dispatch/middleware/static.rb:64:in `call'
  rack (1.5.2) lib/rack/sendfile.rb:112:in `call'
  railties (4.0.2) lib/rails/engine.rb:511:in `call'
  railties (4.0.2) lib/rails/application.rb:97:in `call'
  rack (1.5.2) lib/rack/lint.rb:49:in `_call'
  rack (1.5.2) lib/rack/lint.rb:37:in `call'
  rack (1.5.2) lib/rack/showexceptions.rb:24:in `call'
  rack (1.5.2) lib/rack/commonlogger.rb:33:in `call'
  rack (1.5.2) lib/rack/chunked.rb:43:in `call'
  rack (1.5.2) lib/rack/content_length.rb:14:in `call'
  rack (1.5.2) lib/rack/handler/webrick.rb:60:in `service'
  /Users/ramoncarlos/.rvm/rubies/ruby-2.0.0-p195/lib/ruby/2.0.0/webrick/httpserver.rb:138:in `service'
  /Users/ramoncarlos/.rvm/rubies/ruby-2.0.0-p195/lib/ruby/2.0.0/webrick/httpserver.rb:94:in `run'
  /Users/ramoncarlos/.rvm/rubies/ruby-2.0.0-p195/lib/ruby/2.0.0/webrick/server.rb:295:in `block in start_thread'




Started GET "/hello/world" for 127.0.0.1 at 2014-03-01 11:07:51 -0500
Processing by Endpoint#railsnatra as */*
  Rendered text template (0.0ms)
Completed 200 OK in 1ms (Views: 0.6ms)

ActionController::RoutingError (No route matches [GET] "/hello/world"):
  actionpack (4.0.2) lib/action_dispatch/middleware/debug_exceptions.rb:21:in `call'
  actionpack (4.0.2) lib/action_dispatch/middleware/show_exceptions.rb:30:in `call'
  railties (4.0.2) lib/rails/rack/logger.rb:38:in `call_app'
  railties (4.0.2) lib/rails/rack/logger.rb:20:in `block in call'
  activesupport (4.0.2) lib/active_support/tagged_logging.rb:67:in `block in tagged'
  activesupport (4.0.2) lib/active_support/tagged_logging.rb:25:in `tagged'
  activesupport (4.0.2) lib/active_support/tagged_logging.rb:67:in `tagged'
  railties (4.0.2) lib/rails/rack/logger.rb:20:in `call'
  actionpack (4.0.2) lib/action_dispatch/middleware/request_id.rb:21:in `call'
  rack (1.5.2) lib/rack/methodoverride.rb:21:in `call'
  rack (1.5.2) lib/rack/runtime.rb:17:in `call'
  activesupport (4.0.2) lib/active_support/cache/strategy/local_cache.rb:83:in `call'
  actionpack (4.0.2) lib/action_dispatch/middleware/static.rb:64:in `call'
  rack (1.5.2) lib/rack/sendfile.rb:112:in `call'
  railties (4.0.2) lib/rails/engine.rb:511:in `call'
  railties (4.0.2) lib/rails/application.rb:97:in `call'
  rack (1.5.2) lib/rack/lint.rb:49:in `_call'
  rack (1.5.2) lib/rack/lint.rb:37:in `call'
  rack (1.5.2) lib/rack/showexceptions.rb:24:in `call'
  rack (1.5.2) lib/rack/commonlogger.rb:33:in `call'
  rack (1.5.2) lib/rack/chunked.rb:43:in `call'
  rack (1.5.2) lib/rack/content_length.rb:14:in `call'
  rack (1.5.2) lib/rack/handler/webrick.rb:60:in `service'
  /Users/ramoncarlos/.rvm/rubies/ruby-2.0.0-p195/lib/ruby/2.0.0/webrick/httpserver.rb:138:in `service'
  /Users/ramoncarlos/.rvm/rubies/ruby-2.0.0-p195/lib/ruby/2.0.0/webrick/httpserver.rb:94:in `run'
  /Users/ramoncarlos/.rvm/rubies/ruby-2.0.0-p195/lib/ruby/2.0.0/webrick/server.rb:295:in `block in start_thread'




Started GET "/hello/world" for 127.0.0.1 at 2014-03-01 11:11:02 -0500
Processing by Endpoint#railsnatra as */*
  Rendered text template (0.0ms)
Completed 200 OK in 1ms (Views: 0.4ms)


Started GET "/hello/world" for 127.0.0.1 at 2014-03-01 11:16:58 -0500
Processing by Endpoint#railsnatra as */*
  Rendered text template (0.0ms)
Completed 200 OK in 1ms (Views: 0.5ms)


Started GET "/hello/world" for 127.0.0.1 at 2014-03-01 11:49:12 -0500
Processing by Endpoint#railsnatra as */*
  Rendered text template (0.0ms)
Completed 200 OK in 1ms (Views: 0.6ms)
